

*** CYCLE 0
Memory
	Address		Data
	0x00000000	24 00 00 98 28 00 02 98 2C 00 04 98 30 00 08 98
	0x00000010	02 30 02 04 00 30 C4 04 03 30 C8 04 34 00 06 B8
	0x00000020	00 00 00 FC 00 00 90 40 00 00 C0 3F 93 18 80 40
	0x00000030	52 B8 4E 40 00 00 00 00
Registers (integer):
	R0=0x00000000	R1=0x00000000	R2=0x00000000	R3=0x00000000
	R4=0x00000000	R5=0x00000000	R6=0x00000000	R7=0x00000000
	R8=0x00000000	R9=0x00000000	R10=0x00000000	R11=0x00000000
	R12=0x00000000	R13=0x00000000	R14=0x00000000	R15=0x00000000
	R16=0x00000000	R17=0x00000000	R18=0x00000000	R19=0x00000000
	R20=0x00000000	R21=0x00000000	R22=0x00000000	R23=0x00000000
	R24=0x00000000	R25=0x00000000	R26=0x00000000	R27=0x00000000
	R28=0x00000000	R29=0x00000000	R30=0x00000000	R31=0x00000000
Registers (floating point):
	F0=0         	F1=0         	F2=0         	F3=0         
	F4=0         	F5=0         	F6=0         	F7=0         
	F8=0         	F9=0         	F10=0         	F11=0         
	F12=0         	F13=0         	F14=0         	F15=0         
	F16=0         	F17=0         	F18=0         	F19=0         
	F20=0         	F21=0         	F22=0         	F23=0         
	F24=0         	F25=0         	F26=0         	F27=0         
	F28=0         	F29=0         	F30=0         	F31=0         
pc:
	pc	0x00000000
ifid:
	instr	NOP
ALU rs:
ADD rs:
MULT rs:
DIV rs:
MEM fu:
reg_map_int:
reg_map_fp:


*** CYCLE 1
Memory
	Address		Data
	0x00000000	24 00 00 98 28 00 02 98 2C 00 04 98 30 00 08 98
	0x00000010	02 30 02 04 00 30 C4 04 03 30 C8 04 34 00 06 B8
	0x00000020	00 00 00 FC 00 00 90 40 00 00 C0 3F 93 18 80 40
	0x00000030	52 B8 4E 40 00 00 00 00
Registers (integer):
	R0=0x00000000	R1=0x00000000	R2=0x00000000	R3=0x00000000
	R4=0x00000000	R5=0x00000000	R6=0x00000000	R7=0x00000000
	R8=0x00000000	R9=0x00000000	R10=0x00000000	R11=0x00000000
	R12=0x00000000	R13=0x00000000	R14=0x00000000	R15=0x00000000
	R16=0x00000000	R17=0x00000000	R18=0x00000000	R19=0x00000000
	R20=0x00000000	R21=0x00000000	R22=0x00000000	R23=0x00000000
	R24=0x00000000	R25=0x00000000	R26=0x00000000	R27=0x00000000
	R28=0x00000000	R29=0x00000000	R30=0x00000000	R31=0x00000000
Registers (floating point):
	F0=0         	F1=0         	F2=0         	F3=0         
	F4=0         	F5=0         	F6=0         	F7=0         
	F8=0         	F9=0         	F10=0         	F11=0         
	F12=0         	F13=0         	F14=0         	F15=0         
	F16=0         	F17=0         	F18=0         	F19=0         
	F20=0         	F21=0         	F22=0         	F23=0         
	F24=0         	F25=0         	F26=0         	F27=0         
	F28=0         	F29=0         	F30=0         	F31=0         
pc:
	pc	0x00000004
ifid:
	instr	L.S F0 (36)R0
ALU rs:
ADD rs:
MULT rs:
DIV rs:
MEM fu:
reg_map_int:
reg_map_fp:


*** CYCLE 2
Memory
	Address		Data
	0x00000000	24 00 00 98 28 00 02 98 2C 00 04 98 30 00 08 98
	0x00000010	02 30 02 04 00 30 C4 04 03 30 C8 04 34 00 06 B8
	0x00000020	00 00 00 FC 00 00 90 40 00 00 C0 3F 93 18 80 40
	0x00000030	52 B8 4E 40 00 00 00 00
Registers (integer):
	R0=0x00000000	R1=0x00000000	R2=0x00000000	R3=0x00000000
	R4=0x00000000	R5=0x00000000	R6=0x00000000	R7=0x00000000
	R8=0x00000000	R9=0x00000000	R10=0x00000000	R11=0x00000000
	R12=0x00000000	R13=0x00000000	R14=0x00000000	R15=0x00000000
	R16=0x00000000	R17=0x00000000	R18=0x00000000	R19=0x00000000
	R20=0x00000000	R21=0x00000000	R22=0x00000000	R23=0x00000000
	R24=0x00000000	R25=0x00000000	R26=0x00000000	R27=0x00000000
	R28=0x00000000	R29=0x00000000	R30=0x00000000	R31=0x00000000
Registers (floating point):
	F0=0         	F1=0         	F2=0         	F3=0         
	F4=0         	F5=0         	F6=0         	F7=0         
	F8=0         	F9=0         	F10=0         	F11=0         
	F12=0         	F13=0         	F14=0         	F15=0         
	F16=0         	F17=0         	F18=0         	F19=0         
	F20=0         	F21=0         	F22=0         	F23=0         
	F24=0         	F25=0         	F26=0         	F27=0         
	F28=0         	F29=0         	F30=0         	F31=0         
pc:
	pc	0x00000008
ifid:
	instr	L.S F2 (40)R0
ALU rs:
ADD rs:
MULT rs:
DIV rs:
MEM fu:
		fu13, cycles 2 (from end), L.S F0 (36)R0
reg_map_int:
reg_map_fp:
		F0 mapped to fu13


*** CYCLE 3
Memory
	Address		Data
	0x00000000	24 00 00 98 28 00 02 98 2C 00 04 98 30 00 08 98
	0x00000010	02 30 02 04 00 30 C4 04 03 30 C8 04 34 00 06 B8
	0x00000020	00 00 00 FC 00 00 90 40 00 00 C0 3F 93 18 80 40
	0x00000030	52 B8 4E 40 00 00 00 00
Registers (integer):
	R0=0x00000000	R1=0x00000000	R2=0x00000000	R3=0x00000000
	R4=0x00000000	R5=0x00000000	R6=0x00000000	R7=0x00000000
	R8=0x00000000	R9=0x00000000	R10=0x00000000	R11=0x00000000
	R12=0x00000000	R13=0x00000000	R14=0x00000000	R15=0x00000000
	R16=0x00000000	R17=0x00000000	R18=0x00000000	R19=0x00000000
	R20=0x00000000	R21=0x00000000	R22=0x00000000	R23=0x00000000
	R24=0x00000000	R25=0x00000000	R26=0x00000000	R27=0x00000000
	R28=0x00000000	R29=0x00000000	R30=0x00000000	R31=0x00000000
Registers (floating point):
	F0=0         	F1=0         	F2=0         	F3=0         
	F4=0         	F5=0         	F6=0         	F7=0         
	F8=0         	F9=0         	F10=0         	F11=0         
	F12=0         	F13=0         	F14=0         	F15=0         
	F16=0         	F17=0         	F18=0         	F19=0         
	F20=0         	F21=0         	F22=0         	F23=0         
	F24=0         	F25=0         	F26=0         	F27=0         
	F28=0         	F29=0         	F30=0         	F31=0         
pc:
	pc	0x0000000C
ifid:
	instr	L.S F4 (44)R0
ALU rs:
ADD rs:
MULT rs:
DIV rs:
MEM fu:
		fu13, cycles 1 (from end), L.S F0 (36)R0
		fu14, cycles 2 (from end), L.S F2 (40)R0
reg_map_int:
reg_map_fp:
		F0 mapped to fu13
		F2 mapped to fu14


*** CYCLE 4
Memory
	Address		Data
	0x00000000	24 00 00 98 28 00 02 98 2C 00 04 98 30 00 08 98
	0x00000010	02 30 02 04 00 30 C4 04 03 30 C8 04 34 00 06 B8
	0x00000020	00 00 00 FC 00 00 90 40 00 00 C0 3F 93 18 80 40
	0x00000030	52 B8 4E 40 00 00 00 00
Registers (integer):
	R0=0x00000000	R1=0x00000000	R2=0x00000000	R3=0x00000000
	R4=0x00000000	R5=0x00000000	R6=0x00000000	R7=0x00000000
	R8=0x00000000	R9=0x00000000	R10=0x00000000	R11=0x00000000
	R12=0x00000000	R13=0x00000000	R14=0x00000000	R15=0x00000000
	R16=0x00000000	R17=0x00000000	R18=0x00000000	R19=0x00000000
	R20=0x00000000	R21=0x00000000	R22=0x00000000	R23=0x00000000
	R24=0x00000000	R25=0x00000000	R26=0x00000000	R27=0x00000000
	R28=0x00000000	R29=0x00000000	R30=0x00000000	R31=0x00000000
Registers (floating point):
	F0=0         	F1=0         	F2=0         	F3=0         
	F4=0         	F5=0         	F6=0         	F7=0         
	F8=0         	F9=0         	F10=0         	F11=0         
	F12=0         	F13=0         	F14=0         	F15=0         
	F16=0         	F17=0         	F18=0         	F19=0         
	F20=0         	F21=0         	F22=0         	F23=0         
	F24=0         	F25=0         	F26=0         	F27=0         
	F28=0         	F29=0         	F30=0         	F31=0         
pc:
	pc	0x00000010
ifid:
	instr	L.S F8 (48)R0
ALU rs:
ADD rs:
MULT rs:
DIV rs:
MEM fu:
		fu13, cycles 0 (from end), L.S F0 (36)R0
		fu14, cycles 2 (from end), L.S F2 (40)R0
		fu15, cycles 2 (from end), L.S F4 (44)R0
reg_map_int:
reg_map_fp:
		F0 mapped to fu13
		F2 mapped to fu14
		F4 mapped to fu15


*** CYCLE 5
Memory
	Address		Data
	0x00000000	24 00 00 98 28 00 02 98 2C 00 04 98 30 00 08 98
	0x00000010	02 30 02 04 00 30 C4 04 03 30 C8 04 34 00 06 B8
	0x00000020	00 00 00 FC 00 00 90 40 00 00 C0 3F 93 18 80 40
	0x00000030	52 B8 4E 40 00 00 00 00
Registers (integer):
	R0=0x00000000	R1=0x00000000	R2=0x00000000	R3=0x00000000
	R4=0x00000000	R5=0x00000000	R6=0x00000000	R7=0x00000000
	R8=0x00000000	R9=0x00000000	R10=0x00000000	R11=0x00000000
	R12=0x00000000	R13=0x00000000	R14=0x00000000	R15=0x00000000
	R16=0x00000000	R17=0x00000000	R18=0x00000000	R19=0x00000000
	R20=0x00000000	R21=0x00000000	R22=0x00000000	R23=0x00000000
	R24=0x00000000	R25=0x00000000	R26=0x00000000	R27=0x00000000
	R28=0x00000000	R29=0x00000000	R30=0x00000000	R31=0x00000000
Registers (floating point):
	F0=4.5       	F1=0         	F2=0         	F3=0         
	F4=0         	F5=0         	F6=0         	F7=0         
	F8=0         	F9=0         	F10=0         	F11=0         
	F12=0         	F13=0         	F14=0         	F15=0         
	F16=0         	F17=0         	F18=0         	F19=0         
	F20=0         	F21=0         	F22=0         	F23=0         
	F24=0         	F25=0         	F26=0         	F27=0         
	F28=0         	F29=0         	F30=0         	F31=0         
pc:
	pc	0x00000014
ifid:
	instr	MULT.S F6 F0 F2
ALU rs:
ADD rs:
MULT rs:
DIV rs:
MEM fu:
		fu13, cycles 2 (from end), L.S F8 (48)R0
		fu14, cycles 1 (from end), L.S F2 (40)R0
		fu15, cycles 2 (from end), L.S F4 (44)R0
reg_map_int:
reg_map_fp:
		F2 mapped to fu14
		F4 mapped to fu15
		F8 mapped to fu13


*** CYCLE 6
Memory
	Address		Data
	0x00000000	24 00 00 98 28 00 02 98 2C 00 04 98 30 00 08 98
	0x00000010	02 30 02 04 00 30 C4 04 03 30 C8 04 34 00 06 B8
	0x00000020	00 00 00 FC 00 00 90 40 00 00 C0 3F 93 18 80 40
	0x00000030	52 B8 4E 40 00 00 00 00
Registers (integer):
	R0=0x00000000	R1=0x00000000	R2=0x00000000	R3=0x00000000
	R4=0x00000000	R5=0x00000000	R6=0x00000000	R7=0x00000000
	R8=0x00000000	R9=0x00000000	R10=0x00000000	R11=0x00000000
	R12=0x00000000	R13=0x00000000	R14=0x00000000	R15=0x00000000
	R16=0x00000000	R17=0x00000000	R18=0x00000000	R19=0x00000000
	R20=0x00000000	R21=0x00000000	R22=0x00000000	R23=0x00000000
	R24=0x00000000	R25=0x00000000	R26=0x00000000	R27=0x00000000
	R28=0x00000000	R29=0x00000000	R30=0x00000000	R31=0x00000000
Registers (floating point):
	F0=4.5       	F1=0         	F2=0         	F3=0         
	F4=0         	F5=0         	F6=0         	F7=0         
	F8=0         	F9=0         	F10=0         	F11=0         
	F12=0         	F13=0         	F14=0         	F15=0         
	F16=0         	F17=0         	F18=0         	F19=0         
	F20=0         	F21=0         	F22=0         	F23=0         
	F24=0         	F25=0         	F26=0         	F27=0         
	F28=0         	F29=0         	F30=0         	F31=0         
pc:
	pc	0x00000018
ifid:
	instr	ADD.S F6 F6 F4
ALU rs:
ADD rs:
MULT rs:
		fu8, cycles 6 (from end), MULT.S F6 F0 F2, op2 in fu14
DIV rs:
MEM fu:
		fu13, cycles 2 (from end), L.S F8 (48)R0
		fu14, cycles 0 (from end), L.S F2 (40)R0
		fu15, cycles 2 (from end), L.S F4 (44)R0
reg_map_int:
reg_map_fp:
		F2 mapped to fu14
		F4 mapped to fu15
		F6 mapped to fu8
		F8 mapped to fu13


*** CYCLE 7
Memory
	Address		Data
	0x00000000	24 00 00 98 28 00 02 98 2C 00 04 98 30 00 08 98
	0x00000010	02 30 02 04 00 30 C4 04 03 30 C8 04 34 00 06 B8
	0x00000020	00 00 00 FC 00 00 90 40 00 00 C0 3F 93 18 80 40
	0x00000030	52 B8 4E 40 00 00 00 00
Registers (integer):
	R0=0x00000000	R1=0x00000000	R2=0x00000000	R3=0x00000000
	R4=0x00000000	R5=0x00000000	R6=0x00000000	R7=0x00000000
	R8=0x00000000	R9=0x00000000	R10=0x00000000	R11=0x00000000
	R12=0x00000000	R13=0x00000000	R14=0x00000000	R15=0x00000000
	R16=0x00000000	R17=0x00000000	R18=0x00000000	R19=0x00000000
	R20=0x00000000	R21=0x00000000	R22=0x00000000	R23=0x00000000
	R24=0x00000000	R25=0x00000000	R26=0x00000000	R27=0x00000000
	R28=0x00000000	R29=0x00000000	R30=0x00000000	R31=0x00000000
Registers (floating point):
	F0=4.5       	F1=0         	F2=1.5       	F3=0         
	F4=0         	F5=0         	F6=0         	F7=0         
	F8=0         	F9=0         	F10=0         	F11=0         
	F12=0         	F13=0         	F14=0         	F15=0         
	F16=0         	F17=0         	F18=0         	F19=0         
	F20=0         	F21=0         	F22=0         	F23=0         
	F24=0         	F25=0         	F26=0         	F27=0         
	F28=0         	F29=0         	F30=0         	F31=0         
pc:
	pc	0x0000001C
ifid:
	instr	DIV.S F6 F6 F8
ALU rs:
ADD rs:
		fu5, cycles 4 (from end), ADD.S F6 F6 F4, op1 in fu8, op2 in fu15
MULT rs:
		fu8, cycles 5 (from end), MULT.S F6 F0 F2
DIV rs:
MEM fu:
		fu13, cycles 2 (from end), L.S F8 (48)R0
		fu15, cycles 1 (from end), L.S F4 (44)R0
reg_map_int:
reg_map_fp:
		F4 mapped to fu15
		F6 mapped to fu5
		F8 mapped to fu13


*** CYCLE 8
Memory
	Address		Data
	0x00000000	24 00 00 98 28 00 02 98 2C 00 04 98 30 00 08 98
	0x00000010	02 30 02 04 00 30 C4 04 03 30 C8 04 34 00 06 B8
	0x00000020	00 00 00 FC 00 00 90 40 00 00 C0 3F 93 18 80 40
	0x00000030	52 B8 4E 40 00 00 00 00
Registers (integer):
	R0=0x00000000	R1=0x00000000	R2=0x00000000	R3=0x00000000
	R4=0x00000000	R5=0x00000000	R6=0x00000000	R7=0x00000000
	R8=0x00000000	R9=0x00000000	R10=0x00000000	R11=0x00000000
	R12=0x00000000	R13=0x00000000	R14=0x00000000	R15=0x00000000
	R16=0x00000000	R17=0x00000000	R18=0x00000000	R19=0x00000000
	R20=0x00000000	R21=0x00000000	R22=0x00000000	R23=0x00000000
	R24=0x00000000	R25=0x00000000	R26=0x00000000	R27=0x00000000
	R28=0x00000000	R29=0x00000000	R30=0x00000000	R31=0x00000000
Registers (floating point):
	F0=4.5       	F1=0         	F2=1.5       	F3=0         
	F4=0         	F5=0         	F6=0         	F7=0         
	F8=0         	F9=0         	F10=0         	F11=0         
	F12=0         	F13=0         	F14=0         	F15=0         
	F16=0         	F17=0         	F18=0         	F19=0         
	F20=0         	F21=0         	F22=0         	F23=0         
	F24=0         	F25=0         	F26=0         	F27=0         
	F28=0         	F29=0         	F30=0         	F31=0         
pc:
	pc	0x00000020
ifid:
	instr	S.S F6 (52)R0
ALU rs:
ADD rs:
		fu5, cycles 4 (from end), ADD.S F6 F6 F4, op1 in fu8, op2 in fu15
MULT rs:
		fu8, cycles 4 (from end), MULT.S F6 F0 F2
DIV rs:
		fu11, cycles 10 (from end), DIV.S F6 F6 F8, op1 in fu5, op2 in fu13
MEM fu:
		fu13, cycles 2 (from end), L.S F8 (48)R0
		fu15, cycles 0 (from end), L.S F4 (44)R0
reg_map_int:
reg_map_fp:
		F4 mapped to fu15
		F6 mapped to fu11
		F8 mapped to fu13


*** CYCLE 9
Memory
	Address		Data
	0x00000000	24 00 00 98 28 00 02 98 2C 00 04 98 30 00 08 98
	0x00000010	02 30 02 04 00 30 C4 04 03 30 C8 04 34 00 06 B8
	0x00000020	00 00 00 FC 00 00 90 40 00 00 C0 3F 93 18 80 40
	0x00000030	52 B8 4E 40 00 00 00 00
Registers (integer):
	R0=0x00000000	R1=0x00000000	R2=0x00000000	R3=0x00000000
	R4=0x00000000	R5=0x00000000	R6=0x00000000	R7=0x00000000
	R8=0x00000000	R9=0x00000000	R10=0x00000000	R11=0x00000000
	R12=0x00000000	R13=0x00000000	R14=0x00000000	R15=0x00000000
	R16=0x00000000	R17=0x00000000	R18=0x00000000	R19=0x00000000
	R20=0x00000000	R21=0x00000000	R22=0x00000000	R23=0x00000000
	R24=0x00000000	R25=0x00000000	R26=0x00000000	R27=0x00000000
	R28=0x00000000	R29=0x00000000	R30=0x00000000	R31=0x00000000
Registers (floating point):
	F0=4.5       	F1=0         	F2=1.5       	F3=0         
	F4=4.003     	F5=0         	F6=0         	F7=0         
	F8=0         	F9=0         	F10=0         	F11=0         
	F12=0         	F13=0         	F14=0         	F15=0         
	F16=0         	F17=0         	F18=0         	F19=0         
	F20=0         	F21=0         	F22=0         	F23=0         
	F24=0         	F25=0         	F26=0         	F27=0         
	F28=0         	F29=0         	F30=0         	F31=0         
pc:
	pc	0x00000024
ifid:
	instr	HALT
ALU rs:
ADD rs:
		fu5, cycles 4 (from end), ADD.S F6 F6 F4, op1 in fu8
MULT rs:
		fu8, cycles 3 (from end), MULT.S F6 F0 F2
DIV rs:
		fu11, cycles 10 (from end), DIV.S F6 F6 F8, op1 in fu5, op2 in fu13
MEM fu:
		fu13, cycles 1 (from end), L.S F8 (48)R0
		fu14, cycles 2 (from end), S.S F6 (52)R0, op2 in fu11
reg_map_int:
reg_map_fp:
		F6 mapped to fu11
		F8 mapped to fu13


*** CYCLE 10
Memory
	Address		Data
	0x00000000	24 00 00 98 28 00 02 98 2C 00 04 98 30 00 08 98
	0x00000010	02 30 02 04 00 30 C4 04 03 30 C8 04 34 00 06 B8
	0x00000020	00 00 00 FC 00 00 90 40 00 00 C0 3F 93 18 80 40
	0x00000030	52 B8 4E 40 00 00 00 00
Registers (integer):
	R0=0x00000000	R1=0x00000000	R2=0x00000000	R3=0x00000000
	R4=0x00000000	R5=0x00000000	R6=0x00000000	R7=0x00000000
	R8=0x00000000	R9=0x00000000	R10=0x00000000	R11=0x00000000
	R12=0x00000000	R13=0x00000000	R14=0x00000000	R15=0x00000000
	R16=0x00000000	R17=0x00000000	R18=0x00000000	R19=0x00000000
	R20=0x00000000	R21=0x00000000	R22=0x00000000	R23=0x00000000
	R24=0x00000000	R25=0x00000000	R26=0x00000000	R27=0x00000000
	R28=0x00000000	R29=0x00000000	R30=0x00000000	R31=0x00000000
Registers (floating point):
	F0=4.5       	F1=0         	F2=1.5       	F3=0         
	F4=4.003     	F5=0         	F6=0         	F7=0         
	F8=0         	F9=0         	F10=0         	F11=0         
	F12=0         	F13=0         	F14=0         	F15=0         
	F16=0         	F17=0         	F18=0         	F19=0         
	F20=0         	F21=0         	F22=0         	F23=0         
	F24=0         	F25=0         	F26=0         	F27=0         
	F28=0         	F29=0         	F30=0         	F31=0         
pc:
	pc	0x00000028
ifid:
	instr	0x40900000
ALU rs:
ADD rs:
		fu5, cycles 4 (from end), ADD.S F6 F6 F4, op1 in fu8
MULT rs:
		fu8, cycles 2 (from end), MULT.S F6 F0 F2
DIV rs:
		fu11, cycles 10 (from end), DIV.S F6 F6 F8, op1 in fu5, op2 in fu13
MEM fu:
		fu13, cycles 0 (from end), L.S F8 (48)R0
		fu14, cycles 2 (from end), S.S F6 (52)R0, op2 in fu11
reg_map_int:
reg_map_fp:
		F6 mapped to fu11
		F8 mapped to fu13


*** CYCLE 11
Memory
	Address		Data
	0x00000000	24 00 00 98 28 00 02 98 2C 00 04 98 30 00 08 98
	0x00000010	02 30 02 04 00 30 C4 04 03 30 C8 04 34 00 06 B8
	0x00000020	00 00 00 FC 00 00 90 40 00 00 C0 3F 93 18 80 40
	0x00000030	52 B8 4E 40 00 00 00 00
Registers (integer):
	R0=0x00000000	R1=0x00000000	R2=0x00000000	R3=0x00000000
	R4=0x00000000	R5=0x00000000	R6=0x00000000	R7=0x00000000
	R8=0x00000000	R9=0x00000000	R10=0x00000000	R11=0x00000000
	R12=0x00000000	R13=0x00000000	R14=0x00000000	R15=0x00000000
	R16=0x00000000	R17=0x00000000	R18=0x00000000	R19=0x00000000
	R20=0x00000000	R21=0x00000000	R22=0x00000000	R23=0x00000000
	R24=0x00000000	R25=0x00000000	R26=0x00000000	R27=0x00000000
	R28=0x00000000	R29=0x00000000	R30=0x00000000	R31=0x00000000
Registers (floating point):
	F0=4.5       	F1=0         	F2=1.5       	F3=0         
	F4=4.003     	F5=0         	F6=0         	F7=0         
	F8=3.23      	F9=0         	F10=0         	F11=0         
	F12=0         	F13=0         	F14=0         	F15=0         
	F16=0         	F17=0         	F18=0         	F19=0         
	F20=0         	F21=0         	F22=0         	F23=0         
	F24=0         	F25=0         	F26=0         	F27=0         
	F28=0         	F29=0         	F30=0         	F31=0         
pc:
	pc	0x00000028
ifid:
	instr	0x40900000
ALU rs:
ADD rs:
		fu5, cycles 4 (from end), ADD.S F6 F6 F4, op1 in fu8
MULT rs:
		fu8, cycles 1 (from end), MULT.S F6 F0 F2
DIV rs:
		fu11, cycles 10 (from end), DIV.S F6 F6 F8, op1 in fu5
MEM fu:
		fu14, cycles 2 (from end), S.S F6 (52)R0, op2 in fu11
reg_map_int:
reg_map_fp:
		F6 mapped to fu11


*** CYCLE 12
Memory
	Address		Data
	0x00000000	24 00 00 98 28 00 02 98 2C 00 04 98 30 00 08 98
	0x00000010	02 30 02 04 00 30 C4 04 03 30 C8 04 34 00 06 B8
	0x00000020	00 00 00 FC 00 00 90 40 00 00 C0 3F 93 18 80 40
	0x00000030	52 B8 4E 40 00 00 00 00
Registers (integer):
	R0=0x00000000	R1=0x00000000	R2=0x00000000	R3=0x00000000
	R4=0x00000000	R5=0x00000000	R6=0x00000000	R7=0x00000000
	R8=0x00000000	R9=0x00000000	R10=0x00000000	R11=0x00000000
	R12=0x00000000	R13=0x00000000	R14=0x00000000	R15=0x00000000
	R16=0x00000000	R17=0x00000000	R18=0x00000000	R19=0x00000000
	R20=0x00000000	R21=0x00000000	R22=0x00000000	R23=0x00000000
	R24=0x00000000	R25=0x00000000	R26=0x00000000	R27=0x00000000
	R28=0x00000000	R29=0x00000000	R30=0x00000000	R31=0x00000000
Registers (floating point):
	F0=4.5       	F1=0         	F2=1.5       	F3=0         
	F4=4.003     	F5=0         	F6=0         	F7=0         
	F8=3.23      	F9=0         	F10=0         	F11=0         
	F12=0         	F13=0         	F14=0         	F15=0         
	F16=0         	F17=0         	F18=0         	F19=0         
	F20=0         	F21=0         	F22=0         	F23=0         
	F24=0         	F25=0         	F26=0         	F27=0         
	F28=0         	F29=0         	F30=0         	F31=0         
pc:
	pc	0x00000028
ifid:
	instr	0x40900000
ALU rs:
ADD rs:
		fu5, cycles 4 (from end), ADD.S F6 F6 F4, op1 in fu8
MULT rs:
		fu8, cycles 0 (from end), MULT.S F6 F0 F2
DIV rs:
		fu11, cycles 10 (from end), DIV.S F6 F6 F8, op1 in fu5
MEM fu:
		fu14, cycles 2 (from end), S.S F6 (52)R0, op2 in fu11
reg_map_int:
reg_map_fp:
		F6 mapped to fu11


*** CYCLE 13
Memory
	Address		Data
	0x00000000	24 00 00 98 28 00 02 98 2C 00 04 98 30 00 08 98
	0x00000010	02 30 02 04 00 30 C4 04 03 30 C8 04 34 00 06 B8
	0x00000020	00 00 00 FC 00 00 90 40 00 00 C0 3F 93 18 80 40
	0x00000030	52 B8 4E 40 00 00 00 00
Registers (integer):
	R0=0x00000000	R1=0x00000000	R2=0x00000000	R3=0x00000000
	R4=0x00000000	R5=0x00000000	R6=0x00000000	R7=0x00000000
	R8=0x00000000	R9=0x00000000	R10=0x00000000	R11=0x00000000
	R12=0x00000000	R13=0x00000000	R14=0x00000000	R15=0x00000000
	R16=0x00000000	R17=0x00000000	R18=0x00000000	R19=0x00000000
	R20=0x00000000	R21=0x00000000	R22=0x00000000	R23=0x00000000
	R24=0x00000000	R25=0x00000000	R26=0x00000000	R27=0x00000000
	R28=0x00000000	R29=0x00000000	R30=0x00000000	R31=0x00000000
Registers (floating point):
	F0=4.5       	F1=0         	F2=1.5       	F3=0         
	F4=4.003     	F5=0         	F6=6.75      	F7=0         
	F8=3.23      	F9=0         	F10=0         	F11=0         
	F12=0         	F13=0         	F14=0         	F15=0         
	F16=0         	F17=0         	F18=0         	F19=0         
	F20=0         	F21=0         	F22=0         	F23=0         
	F24=0         	F25=0         	F26=0         	F27=0         
	F28=0         	F29=0         	F30=0         	F31=0         
pc:
	pc	0x00000028
ifid:
	instr	0x40900000
ALU rs:
ADD rs:
		fu5, cycles 3 (from end), ADD.S F6 F6 F4
MULT rs:
DIV rs:
		fu11, cycles 10 (from end), DIV.S F6 F6 F8, op1 in fu5
MEM fu:
		fu14, cycles 2 (from end), S.S F6 (52)R0, op2 in fu11
reg_map_int:
reg_map_fp:
		F6 mapped to fu11


*** CYCLE 14
Memory
	Address		Data
	0x00000000	24 00 00 98 28 00 02 98 2C 00 04 98 30 00 08 98
	0x00000010	02 30 02 04 00 30 C4 04 03 30 C8 04 34 00 06 B8
	0x00000020	00 00 00 FC 00 00 90 40 00 00 C0 3F 93 18 80 40
	0x00000030	52 B8 4E 40 00 00 00 00
Registers (integer):
	R0=0x00000000	R1=0x00000000	R2=0x00000000	R3=0x00000000
	R4=0x00000000	R5=0x00000000	R6=0x00000000	R7=0x00000000
	R8=0x00000000	R9=0x00000000	R10=0x00000000	R11=0x00000000
	R12=0x00000000	R13=0x00000000	R14=0x00000000	R15=0x00000000
	R16=0x00000000	R17=0x00000000	R18=0x00000000	R19=0x00000000
	R20=0x00000000	R21=0x00000000	R22=0x00000000	R23=0x00000000
	R24=0x00000000	R25=0x00000000	R26=0x00000000	R27=0x00000000
	R28=0x00000000	R29=0x00000000	R30=0x00000000	R31=0x00000000
Registers (floating point):
	F0=4.5       	F1=0         	F2=1.5       	F3=0         
	F4=4.003     	F5=0         	F6=6.75      	F7=0         
	F8=3.23      	F9=0         	F10=0         	F11=0         
	F12=0         	F13=0         	F14=0         	F15=0         
	F16=0         	F17=0         	F18=0         	F19=0         
	F20=0         	F21=0         	F22=0         	F23=0         
	F24=0         	F25=0         	F26=0         	F27=0         
	F28=0         	F29=0         	F30=0         	F31=0         
pc:
	pc	0x00000028
ifid:
	instr	0x40900000
ALU rs:
ADD rs:
		fu5, cycles 2 (from end), ADD.S F6 F6 F4
MULT rs:
DIV rs:
		fu11, cycles 10 (from end), DIV.S F6 F6 F8, op1 in fu5
MEM fu:
		fu14, cycles 2 (from end), S.S F6 (52)R0, op2 in fu11
reg_map_int:
reg_map_fp:
		F6 mapped to fu11


*** CYCLE 15
Memory
	Address		Data
	0x00000000	24 00 00 98 28 00 02 98 2C 00 04 98 30 00 08 98
	0x00000010	02 30 02 04 00 30 C4 04 03 30 C8 04 34 00 06 B8
	0x00000020	00 00 00 FC 00 00 90 40 00 00 C0 3F 93 18 80 40
	0x00000030	52 B8 4E 40 00 00 00 00
Registers (integer):
	R0=0x00000000	R1=0x00000000	R2=0x00000000	R3=0x00000000
	R4=0x00000000	R5=0x00000000	R6=0x00000000	R7=0x00000000
	R8=0x00000000	R9=0x00000000	R10=0x00000000	R11=0x00000000
	R12=0x00000000	R13=0x00000000	R14=0x00000000	R15=0x00000000
	R16=0x00000000	R17=0x00000000	R18=0x00000000	R19=0x00000000
	R20=0x00000000	R21=0x00000000	R22=0x00000000	R23=0x00000000
	R24=0x00000000	R25=0x00000000	R26=0x00000000	R27=0x00000000
	R28=0x00000000	R29=0x00000000	R30=0x00000000	R31=0x00000000
Registers (floating point):
	F0=4.5       	F1=0         	F2=1.5       	F3=0         
	F4=4.003     	F5=0         	F6=6.75      	F7=0         
	F8=3.23      	F9=0         	F10=0         	F11=0         
	F12=0         	F13=0         	F14=0         	F15=0         
	F16=0         	F17=0         	F18=0         	F19=0         
	F20=0         	F21=0         	F22=0         	F23=0         
	F24=0         	F25=0         	F26=0         	F27=0         
	F28=0         	F29=0         	F30=0         	F31=0         
pc:
	pc	0x00000028
ifid:
	instr	0x40900000
ALU rs:
ADD rs:
		fu5, cycles 1 (from end), ADD.S F6 F6 F4
MULT rs:
DIV rs:
		fu11, cycles 10 (from end), DIV.S F6 F6 F8, op1 in fu5
MEM fu:
		fu14, cycles 2 (from end), S.S F6 (52)R0, op2 in fu11
reg_map_int:
reg_map_fp:
		F6 mapped to fu11


*** CYCLE 16
Memory
	Address		Data
	0x00000000	24 00 00 98 28 00 02 98 2C 00 04 98 30 00 08 98
	0x00000010	02 30 02 04 00 30 C4 04 03 30 C8 04 34 00 06 B8
	0x00000020	00 00 00 FC 00 00 90 40 00 00 C0 3F 93 18 80 40
	0x00000030	52 B8 4E 40 00 00 00 00
Registers (integer):
	R0=0x00000000	R1=0x00000000	R2=0x00000000	R3=0x00000000
	R4=0x00000000	R5=0x00000000	R6=0x00000000	R7=0x00000000
	R8=0x00000000	R9=0x00000000	R10=0x00000000	R11=0x00000000
	R12=0x00000000	R13=0x00000000	R14=0x00000000	R15=0x00000000
	R16=0x00000000	R17=0x00000000	R18=0x00000000	R19=0x00000000
	R20=0x00000000	R21=0x00000000	R22=0x00000000	R23=0x00000000
	R24=0x00000000	R25=0x00000000	R26=0x00000000	R27=0x00000000
	R28=0x00000000	R29=0x00000000	R30=0x00000000	R31=0x00000000
Registers (floating point):
	F0=4.5       	F1=0         	F2=1.5       	F3=0         
	F4=4.003     	F5=0         	F6=6.75      	F7=0         
	F8=3.23      	F9=0         	F10=0         	F11=0         
	F12=0         	F13=0         	F14=0         	F15=0         
	F16=0         	F17=0         	F18=0         	F19=0         
	F20=0         	F21=0         	F22=0         	F23=0         
	F24=0         	F25=0         	F26=0         	F27=0         
	F28=0         	F29=0         	F30=0         	F31=0         
pc:
	pc	0x00000028
ifid:
	instr	0x40900000
ALU rs:
ADD rs:
		fu5, cycles 0 (from end), ADD.S F6 F6 F4
MULT rs:
DIV rs:
		fu11, cycles 10 (from end), DIV.S F6 F6 F8, op1 in fu5
MEM fu:
		fu14, cycles 2 (from end), S.S F6 (52)R0, op2 in fu11
reg_map_int:
reg_map_fp:
		F6 mapped to fu11


*** CYCLE 17
Memory
	Address		Data
	0x00000000	24 00 00 98 28 00 02 98 2C 00 04 98 30 00 08 98
	0x00000010	02 30 02 04 00 30 C4 04 03 30 C8 04 34 00 06 B8
	0x00000020	00 00 00 FC 00 00 90 40 00 00 C0 3F 93 18 80 40
	0x00000030	52 B8 4E 40 00 00 00 00
Registers (integer):
	R0=0x00000000	R1=0x00000000	R2=0x00000000	R3=0x00000000
	R4=0x00000000	R5=0x00000000	R6=0x00000000	R7=0x00000000
	R8=0x00000000	R9=0x00000000	R10=0x00000000	R11=0x00000000
	R12=0x00000000	R13=0x00000000	R14=0x00000000	R15=0x00000000
	R16=0x00000000	R17=0x00000000	R18=0x00000000	R19=0x00000000
	R20=0x00000000	R21=0x00000000	R22=0x00000000	R23=0x00000000
	R24=0x00000000	R25=0x00000000	R26=0x00000000	R27=0x00000000
	R28=0x00000000	R29=0x00000000	R30=0x00000000	R31=0x00000000
Registers (floating point):
	F0=4.5       	F1=0         	F2=1.5       	F3=0         
	F4=4.003     	F5=0         	F6=10.753    	F7=0         
	F8=3.23      	F9=0         	F10=0         	F11=0         
	F12=0         	F13=0         	F14=0         	F15=0         
	F16=0         	F17=0         	F18=0         	F19=0         
	F20=0         	F21=0         	F22=0         	F23=0         
	F24=0         	F25=0         	F26=0         	F27=0         
	F28=0         	F29=0         	F30=0         	F31=0         
pc:
	pc	0x00000028
ifid:
	instr	0x40900000
ALU rs:
ADD rs:
MULT rs:
DIV rs:
		fu11, cycles 9 (from end), DIV.S F6 F6 F8
MEM fu:
		fu14, cycles 2 (from end), S.S F6 (52)R0, op2 in fu11
reg_map_int:
reg_map_fp:
		F6 mapped to fu11


*** CYCLE 18
Memory
	Address		Data
	0x00000000	24 00 00 98 28 00 02 98 2C 00 04 98 30 00 08 98
	0x00000010	02 30 02 04 00 30 C4 04 03 30 C8 04 34 00 06 B8
	0x00000020	00 00 00 FC 00 00 90 40 00 00 C0 3F 93 18 80 40
	0x00000030	52 B8 4E 40 00 00 00 00
Registers (integer):
	R0=0x00000000	R1=0x00000000	R2=0x00000000	R3=0x00000000
	R4=0x00000000	R5=0x00000000	R6=0x00000000	R7=0x00000000
	R8=0x00000000	R9=0x00000000	R10=0x00000000	R11=0x00000000
	R12=0x00000000	R13=0x00000000	R14=0x00000000	R15=0x00000000
	R16=0x00000000	R17=0x00000000	R18=0x00000000	R19=0x00000000
	R20=0x00000000	R21=0x00000000	R22=0x00000000	R23=0x00000000
	R24=0x00000000	R25=0x00000000	R26=0x00000000	R27=0x00000000
	R28=0x00000000	R29=0x00000000	R30=0x00000000	R31=0x00000000
Registers (floating point):
	F0=4.5       	F1=0         	F2=1.5       	F3=0         
	F4=4.003     	F5=0         	F6=10.753    	F7=0         
	F8=3.23      	F9=0         	F10=0         	F11=0         
	F12=0         	F13=0         	F14=0         	F15=0         
	F16=0         	F17=0         	F18=0         	F19=0         
	F20=0         	F21=0         	F22=0         	F23=0         
	F24=0         	F25=0         	F26=0         	F27=0         
	F28=0         	F29=0         	F30=0         	F31=0         
pc:
	pc	0x00000028
ifid:
	instr	0x40900000
ALU rs:
ADD rs:
MULT rs:
DIV rs:
		fu11, cycles 8 (from end), DIV.S F6 F6 F8
MEM fu:
		fu14, cycles 2 (from end), S.S F6 (52)R0, op2 in fu11
reg_map_int:
reg_map_fp:
		F6 mapped to fu11


*** CYCLE 19
Memory
	Address		Data
	0x00000000	24 00 00 98 28 00 02 98 2C 00 04 98 30 00 08 98
	0x00000010	02 30 02 04 00 30 C4 04 03 30 C8 04 34 00 06 B8
	0x00000020	00 00 00 FC 00 00 90 40 00 00 C0 3F 93 18 80 40
	0x00000030	52 B8 4E 40 00 00 00 00
Registers (integer):
	R0=0x00000000	R1=0x00000000	R2=0x00000000	R3=0x00000000
	R4=0x00000000	R5=0x00000000	R6=0x00000000	R7=0x00000000
	R8=0x00000000	R9=0x00000000	R10=0x00000000	R11=0x00000000
	R12=0x00000000	R13=0x00000000	R14=0x00000000	R15=0x00000000
	R16=0x00000000	R17=0x00000000	R18=0x00000000	R19=0x00000000
	R20=0x00000000	R21=0x00000000	R22=0x00000000	R23=0x00000000
	R24=0x00000000	R25=0x00000000	R26=0x00000000	R27=0x00000000
	R28=0x00000000	R29=0x00000000	R30=0x00000000	R31=0x00000000
Registers (floating point):
	F0=4.5       	F1=0         	F2=1.5       	F3=0         
	F4=4.003     	F5=0         	F6=10.753    	F7=0         
	F8=3.23      	F9=0         	F10=0         	F11=0         
	F12=0         	F13=0         	F14=0         	F15=0         
	F16=0         	F17=0         	F18=0         	F19=0         
	F20=0         	F21=0         	F22=0         	F23=0         
	F24=0         	F25=0         	F26=0         	F27=0         
	F28=0         	F29=0         	F30=0         	F31=0         
pc:
	pc	0x00000028
ifid:
	instr	0x40900000
ALU rs:
ADD rs:
MULT rs:
DIV rs:
		fu11, cycles 7 (from end), DIV.S F6 F6 F8
MEM fu:
		fu14, cycles 2 (from end), S.S F6 (52)R0, op2 in fu11
reg_map_int:
reg_map_fp:
		F6 mapped to fu11


*** CYCLE 20
Memory
	Address		Data
	0x00000000	24 00 00 98 28 00 02 98 2C 00 04 98 30 00 08 98
	0x00000010	02 30 02 04 00 30 C4 04 03 30 C8 04 34 00 06 B8
	0x00000020	00 00 00 FC 00 00 90 40 00 00 C0 3F 93 18 80 40
	0x00000030	52 B8 4E 40 00 00 00 00
Registers (integer):
	R0=0x00000000	R1=0x00000000	R2=0x00000000	R3=0x00000000
	R4=0x00000000	R5=0x00000000	R6=0x00000000	R7=0x00000000
	R8=0x00000000	R9=0x00000000	R10=0x00000000	R11=0x00000000
	R12=0x00000000	R13=0x00000000	R14=0x00000000	R15=0x00000000
	R16=0x00000000	R17=0x00000000	R18=0x00000000	R19=0x00000000
	R20=0x00000000	R21=0x00000000	R22=0x00000000	R23=0x00000000
	R24=0x00000000	R25=0x00000000	R26=0x00000000	R27=0x00000000
	R28=0x00000000	R29=0x00000000	R30=0x00000000	R31=0x00000000
Registers (floating point):
	F0=4.5       	F1=0         	F2=1.5       	F3=0         
	F4=4.003     	F5=0         	F6=10.753    	F7=0         
	F8=3.23      	F9=0         	F10=0         	F11=0         
	F12=0         	F13=0         	F14=0         	F15=0         
	F16=0         	F17=0         	F18=0         	F19=0         
	F20=0         	F21=0         	F22=0         	F23=0         
	F24=0         	F25=0         	F26=0         	F27=0         
	F28=0         	F29=0         	F30=0         	F31=0         
pc:
	pc	0x00000028
ifid:
	instr	0x40900000
ALU rs:
ADD rs:
MULT rs:
DIV rs:
		fu11, cycles 6 (from end), DIV.S F6 F6 F8
MEM fu:
		fu14, cycles 2 (from end), S.S F6 (52)R0, op2 in fu11
reg_map_int:
reg_map_fp:
		F6 mapped to fu11


*** CYCLE 21
Memory
	Address		Data
	0x00000000	24 00 00 98 28 00 02 98 2C 00 04 98 30 00 08 98
	0x00000010	02 30 02 04 00 30 C4 04 03 30 C8 04 34 00 06 B8
	0x00000020	00 00 00 FC 00 00 90 40 00 00 C0 3F 93 18 80 40
	0x00000030	52 B8 4E 40 00 00 00 00
Registers (integer):
	R0=0x00000000	R1=0x00000000	R2=0x00000000	R3=0x00000000
	R4=0x00000000	R5=0x00000000	R6=0x00000000	R7=0x00000000
	R8=0x00000000	R9=0x00000000	R10=0x00000000	R11=0x00000000
	R12=0x00000000	R13=0x00000000	R14=0x00000000	R15=0x00000000
	R16=0x00000000	R17=0x00000000	R18=0x00000000	R19=0x00000000
	R20=0x00000000	R21=0x00000000	R22=0x00000000	R23=0x00000000
	R24=0x00000000	R25=0x00000000	R26=0x00000000	R27=0x00000000
	R28=0x00000000	R29=0x00000000	R30=0x00000000	R31=0x00000000
Registers (floating point):
	F0=4.5       	F1=0         	F2=1.5       	F3=0         
	F4=4.003     	F5=0         	F6=10.753    	F7=0         
	F8=3.23      	F9=0         	F10=0         	F11=0         
	F12=0         	F13=0         	F14=0         	F15=0         
	F16=0         	F17=0         	F18=0         	F19=0         
	F20=0         	F21=0         	F22=0         	F23=0         
	F24=0         	F25=0         	F26=0         	F27=0         
	F28=0         	F29=0         	F30=0         	F31=0         
pc:
	pc	0x00000028
ifid:
	instr	0x40900000
ALU rs:
ADD rs:
MULT rs:
DIV rs:
		fu11, cycles 5 (from end), DIV.S F6 F6 F8
MEM fu:
		fu14, cycles 2 (from end), S.S F6 (52)R0, op2 in fu11
reg_map_int:
reg_map_fp:
		F6 mapped to fu11


*** CYCLE 22
Memory
	Address		Data
	0x00000000	24 00 00 98 28 00 02 98 2C 00 04 98 30 00 08 98
	0x00000010	02 30 02 04 00 30 C4 04 03 30 C8 04 34 00 06 B8
	0x00000020	00 00 00 FC 00 00 90 40 00 00 C0 3F 93 18 80 40
	0x00000030	52 B8 4E 40 00 00 00 00
Registers (integer):
	R0=0x00000000	R1=0x00000000	R2=0x00000000	R3=0x00000000
	R4=0x00000000	R5=0x00000000	R6=0x00000000	R7=0x00000000
	R8=0x00000000	R9=0x00000000	R10=0x00000000	R11=0x00000000
	R12=0x00000000	R13=0x00000000	R14=0x00000000	R15=0x00000000
	R16=0x00000000	R17=0x00000000	R18=0x00000000	R19=0x00000000
	R20=0x00000000	R21=0x00000000	R22=0x00000000	R23=0x00000000
	R24=0x00000000	R25=0x00000000	R26=0x00000000	R27=0x00000000
	R28=0x00000000	R29=0x00000000	R30=0x00000000	R31=0x00000000
Registers (floating point):
	F0=4.5       	F1=0         	F2=1.5       	F3=0         
	F4=4.003     	F5=0         	F6=10.753    	F7=0         
	F8=3.23      	F9=0         	F10=0         	F11=0         
	F12=0         	F13=0         	F14=0         	F15=0         
	F16=0         	F17=0         	F18=0         	F19=0         
	F20=0         	F21=0         	F22=0         	F23=0         
	F24=0         	F25=0         	F26=0         	F27=0         
	F28=0         	F29=0         	F30=0         	F31=0         
pc:
	pc	0x00000028
ifid:
	instr	0x40900000
ALU rs:
ADD rs:
MULT rs:
DIV rs:
		fu11, cycles 4 (from end), DIV.S F6 F6 F8
MEM fu:
		fu14, cycles 2 (from end), S.S F6 (52)R0, op2 in fu11
reg_map_int:
reg_map_fp:
		F6 mapped to fu11


*** CYCLE 23
Memory
	Address		Data
	0x00000000	24 00 00 98 28 00 02 98 2C 00 04 98 30 00 08 98
	0x00000010	02 30 02 04 00 30 C4 04 03 30 C8 04 34 00 06 B8
	0x00000020	00 00 00 FC 00 00 90 40 00 00 C0 3F 93 18 80 40
	0x00000030	52 B8 4E 40 00 00 00 00
Registers (integer):
	R0=0x00000000	R1=0x00000000	R2=0x00000000	R3=0x00000000
	R4=0x00000000	R5=0x00000000	R6=0x00000000	R7=0x00000000
	R8=0x00000000	R9=0x00000000	R10=0x00000000	R11=0x00000000
	R12=0x00000000	R13=0x00000000	R14=0x00000000	R15=0x00000000
	R16=0x00000000	R17=0x00000000	R18=0x00000000	R19=0x00000000
	R20=0x00000000	R21=0x00000000	R22=0x00000000	R23=0x00000000
	R24=0x00000000	R25=0x00000000	R26=0x00000000	R27=0x00000000
	R28=0x00000000	R29=0x00000000	R30=0x00000000	R31=0x00000000
Registers (floating point):
	F0=4.5       	F1=0         	F2=1.5       	F3=0         
	F4=4.003     	F5=0         	F6=10.753    	F7=0         
	F8=3.23      	F9=0         	F10=0         	F11=0         
	F12=0         	F13=0         	F14=0         	F15=0         
	F16=0         	F17=0         	F18=0         	F19=0         
	F20=0         	F21=0         	F22=0         	F23=0         
	F24=0         	F25=0         	F26=0         	F27=0         
	F28=0         	F29=0         	F30=0         	F31=0         
pc:
	pc	0x00000028
ifid:
	instr	0x40900000
ALU rs:
ADD rs:
MULT rs:
DIV rs:
		fu11, cycles 3 (from end), DIV.S F6 F6 F8
MEM fu:
		fu14, cycles 2 (from end), S.S F6 (52)R0, op2 in fu11
reg_map_int:
reg_map_fp:
		F6 mapped to fu11


*** CYCLE 24
Memory
	Address		Data
	0x00000000	24 00 00 98 28 00 02 98 2C 00 04 98 30 00 08 98
	0x00000010	02 30 02 04 00 30 C4 04 03 30 C8 04 34 00 06 B8
	0x00000020	00 00 00 FC 00 00 90 40 00 00 C0 3F 93 18 80 40
	0x00000030	52 B8 4E 40 00 00 00 00
Registers (integer):
	R0=0x00000000	R1=0x00000000	R2=0x00000000	R3=0x00000000
	R4=0x00000000	R5=0x00000000	R6=0x00000000	R7=0x00000000
	R8=0x00000000	R9=0x00000000	R10=0x00000000	R11=0x00000000
	R12=0x00000000	R13=0x00000000	R14=0x00000000	R15=0x00000000
	R16=0x00000000	R17=0x00000000	R18=0x00000000	R19=0x00000000
	R20=0x00000000	R21=0x00000000	R22=0x00000000	R23=0x00000000
	R24=0x00000000	R25=0x00000000	R26=0x00000000	R27=0x00000000
	R28=0x00000000	R29=0x00000000	R30=0x00000000	R31=0x00000000
Registers (floating point):
	F0=4.5       	F1=0         	F2=1.5       	F3=0         
	F4=4.003     	F5=0         	F6=10.753    	F7=0         
	F8=3.23      	F9=0         	F10=0         	F11=0         
	F12=0         	F13=0         	F14=0         	F15=0         
	F16=0         	F17=0         	F18=0         	F19=0         
	F20=0         	F21=0         	F22=0         	F23=0         
	F24=0         	F25=0         	F26=0         	F27=0         
	F28=0         	F29=0         	F30=0         	F31=0         
pc:
	pc	0x00000028
ifid:
	instr	0x40900000
ALU rs:
ADD rs:
MULT rs:
DIV rs:
		fu11, cycles 2 (from end), DIV.S F6 F6 F8
MEM fu:
		fu14, cycles 2 (from end), S.S F6 (52)R0, op2 in fu11
reg_map_int:
reg_map_fp:
		F6 mapped to fu11


*** CYCLE 25
Memory
	Address		Data
	0x00000000	24 00 00 98 28 00 02 98 2C 00 04 98 30 00 08 98
	0x00000010	02 30 02 04 00 30 C4 04 03 30 C8 04 34 00 06 B8
	0x00000020	00 00 00 FC 00 00 90 40 00 00 C0 3F 93 18 80 40
	0x00000030	52 B8 4E 40 00 00 00 00
Registers (integer):
	R0=0x00000000	R1=0x00000000	R2=0x00000000	R3=0x00000000
	R4=0x00000000	R5=0x00000000	R6=0x00000000	R7=0x00000000
	R8=0x00000000	R9=0x00000000	R10=0x00000000	R11=0x00000000
	R12=0x00000000	R13=0x00000000	R14=0x00000000	R15=0x00000000
	R16=0x00000000	R17=0x00000000	R18=0x00000000	R19=0x00000000
	R20=0x00000000	R21=0x00000000	R22=0x00000000	R23=0x00000000
	R24=0x00000000	R25=0x00000000	R26=0x00000000	R27=0x00000000
	R28=0x00000000	R29=0x00000000	R30=0x00000000	R31=0x00000000
Registers (floating point):
	F0=4.5       	F1=0         	F2=1.5       	F3=0         
	F4=4.003     	F5=0         	F6=10.753    	F7=0         
	F8=3.23      	F9=0         	F10=0         	F11=0         
	F12=0         	F13=0         	F14=0         	F15=0         
	F16=0         	F17=0         	F18=0         	F19=0         
	F20=0         	F21=0         	F22=0         	F23=0         
	F24=0         	F25=0         	F26=0         	F27=0         
	F28=0         	F29=0         	F30=0         	F31=0         
pc:
	pc	0x00000028
ifid:
	instr	0x40900000
ALU rs:
ADD rs:
MULT rs:
DIV rs:
		fu11, cycles 1 (from end), DIV.S F6 F6 F8
MEM fu:
		fu14, cycles 2 (from end), S.S F6 (52)R0, op2 in fu11
reg_map_int:
reg_map_fp:
		F6 mapped to fu11


*** CYCLE 26
Memory
	Address		Data
	0x00000000	24 00 00 98 28 00 02 98 2C 00 04 98 30 00 08 98
	0x00000010	02 30 02 04 00 30 C4 04 03 30 C8 04 34 00 06 B8
	0x00000020	00 00 00 FC 00 00 90 40 00 00 C0 3F 93 18 80 40
	0x00000030	52 B8 4E 40 00 00 00 00
Registers (integer):
	R0=0x00000000	R1=0x00000000	R2=0x00000000	R3=0x00000000
	R4=0x00000000	R5=0x00000000	R6=0x00000000	R7=0x00000000
	R8=0x00000000	R9=0x00000000	R10=0x00000000	R11=0x00000000
	R12=0x00000000	R13=0x00000000	R14=0x00000000	R15=0x00000000
	R16=0x00000000	R17=0x00000000	R18=0x00000000	R19=0x00000000
	R20=0x00000000	R21=0x00000000	R22=0x00000000	R23=0x00000000
	R24=0x00000000	R25=0x00000000	R26=0x00000000	R27=0x00000000
	R28=0x00000000	R29=0x00000000	R30=0x00000000	R31=0x00000000
Registers (floating point):
	F0=4.5       	F1=0         	F2=1.5       	F3=0         
	F4=4.003     	F5=0         	F6=10.753    	F7=0         
	F8=3.23      	F9=0         	F10=0         	F11=0         
	F12=0         	F13=0         	F14=0         	F15=0         
	F16=0         	F17=0         	F18=0         	F19=0         
	F20=0         	F21=0         	F22=0         	F23=0         
	F24=0         	F25=0         	F26=0         	F27=0         
	F28=0         	F29=0         	F30=0         	F31=0         
pc:
	pc	0x00000028
ifid:
	instr	0x40900000
ALU rs:
ADD rs:
MULT rs:
DIV rs:
		fu11, cycles 0 (from end), DIV.S F6 F6 F8
MEM fu:
		fu14, cycles 2 (from end), S.S F6 (52)R0, op2 in fu11
reg_map_int:
reg_map_fp:
		F6 mapped to fu11


*** CYCLE 27
Memory
	Address		Data
	0x00000000	24 00 00 98 28 00 02 98 2C 00 04 98 30 00 08 98
	0x00000010	02 30 02 04 00 30 C4 04 03 30 C8 04 34 00 06 B8
	0x00000020	00 00 00 FC 00 00 90 40 00 00 C0 3F 93 18 80 40
	0x00000030	52 B8 4E 40 00 00 00 00
Registers (integer):
	R0=0x00000000	R1=0x00000000	R2=0x00000000	R3=0x00000000
	R4=0x00000000	R5=0x00000000	R6=0x00000000	R7=0x00000000
	R8=0x00000000	R9=0x00000000	R10=0x00000000	R11=0x00000000
	R12=0x00000000	R13=0x00000000	R14=0x00000000	R15=0x00000000
	R16=0x00000000	R17=0x00000000	R18=0x00000000	R19=0x00000000
	R20=0x00000000	R21=0x00000000	R22=0x00000000	R23=0x00000000
	R24=0x00000000	R25=0x00000000	R26=0x00000000	R27=0x00000000
	R28=0x00000000	R29=0x00000000	R30=0x00000000	R31=0x00000000
Registers (floating point):
	F0=4.5       	F1=0         	F2=1.5       	F3=0         
	F4=4.003     	F5=0         	F6=3.3291    	F7=0         
	F8=3.23      	F9=0         	F10=0         	F11=0         
	F12=0         	F13=0         	F14=0         	F15=0         
	F16=0         	F17=0         	F18=0         	F19=0         
	F20=0         	F21=0         	F22=0         	F23=0         
	F24=0         	F25=0         	F26=0         	F27=0         
	F28=0         	F29=0         	F30=0         	F31=0         
pc:
	pc	0x00000028
ifid:
	instr	0x40900000
ALU rs:
ADD rs:
MULT rs:
DIV rs:
MEM fu:
		fu14, cycles 1 (from end), S.S F6 (52)R0
reg_map_int:
reg_map_fp:


*** CYCLE 28
Memory
	Address		Data
	0x00000000	24 00 00 98 28 00 02 98 2C 00 04 98 30 00 08 98
	0x00000010	02 30 02 04 00 30 C4 04 03 30 C8 04 34 00 06 B8
	0x00000020	00 00 00 FC 00 00 90 40 00 00 C0 3F 93 18 80 40
	0x00000030	52 B8 4E 40 00 00 00 00
Registers (integer):
	R0=0x00000000	R1=0x00000000	R2=0x00000000	R3=0x00000000
	R4=0x00000000	R5=0x00000000	R6=0x00000000	R7=0x00000000
	R8=0x00000000	R9=0x00000000	R10=0x00000000	R11=0x00000000
	R12=0x00000000	R13=0x00000000	R14=0x00000000	R15=0x00000000
	R16=0x00000000	R17=0x00000000	R18=0x00000000	R19=0x00000000
	R20=0x00000000	R21=0x00000000	R22=0x00000000	R23=0x00000000
	R24=0x00000000	R25=0x00000000	R26=0x00000000	R27=0x00000000
	R28=0x00000000	R29=0x00000000	R30=0x00000000	R31=0x00000000
Registers (floating point):
	F0=4.5       	F1=0         	F2=1.5       	F3=0         
	F4=4.003     	F5=0         	F6=3.3291    	F7=0         
	F8=3.23      	F9=0         	F10=0         	F11=0         
	F12=0         	F13=0         	F14=0         	F15=0         
	F16=0         	F17=0         	F18=0         	F19=0         
	F20=0         	F21=0         	F22=0         	F23=0         
	F24=0         	F25=0         	F26=0         	F27=0         
	F28=0         	F29=0         	F30=0         	F31=0         
pc:
	pc	0x00000028
ifid:
	instr	0x40900000
ALU rs:
ADD rs:
MULT rs:
DIV rs:
MEM fu:
		fu14, cycles 0 (from end), S.S F6 (52)R0
reg_map_int:
reg_map_fp:


*** FINAL MACHINE STATE
Memory
	Address		Data
	0x00000000	24 00 00 98 28 00 02 98 2C 00 04 98 30 00 08 98
	0x00000010	02 30 02 04 00 30 C4 04 03 30 C8 04 34 00 06 B8
	0x00000020	00 00 00 FC 00 00 90 40 00 00 C0 3F 93 18 80 40
	0x00000030	52 B8 4E 40 03 10 55 40
Registers (integer):
	R0=0x00000000	R1=0x00000000	R2=0x00000000	R3=0x00000000
	R4=0x00000000	R5=0x00000000	R6=0x00000000	R7=0x00000000
	R8=0x00000000	R9=0x00000000	R10=0x00000000	R11=0x00000000
	R12=0x00000000	R13=0x00000000	R14=0x00000000	R15=0x00000000
	R16=0x00000000	R17=0x00000000	R18=0x00000000	R19=0x00000000
	R20=0x00000000	R21=0x00000000	R22=0x00000000	R23=0x00000000
	R24=0x00000000	R25=0x00000000	R26=0x00000000	R27=0x00000000
	R28=0x00000000	R29=0x00000000	R30=0x00000000	R31=0x00000000
Registers (floating point):
	F0=4.5       	F1=0         	F2=1.5       	F3=0         
	F4=4.003     	F5=0         	F6=3.3291    	F7=0         
	F8=3.23      	F9=0         	F10=0         	F11=0         
	F12=0         	F13=0         	F14=0         	F15=0         
	F16=0         	F17=0         	F18=0         	F19=0         
	F20=0         	F21=0         	F22=0         	F23=0         
	F24=0         	F25=0         	F26=0         	F27=0         
	F28=0         	F29=0         	F30=0         	F31=0         
pc:
	pc	0x00000028
ifid:
	instr	0x40900000
ALU rs:
ADD rs:
MULT rs:
DIV rs:
MEM fu:
reg_map_int:
reg_map_fp:


SIMULATION COMPLETE!
EXECUTED 9 INSTRUCTIONS IN 29 CYCLES
CPI:  3.22
