

*** CYCLE 0
Memory
	Address		Data
	0x00000000	1C 00 01 8C 20 00 02 8C 24 00 03 8C 20 20 22 00
	0x00000010	22 28 83 00 28 00 05 AC 00 00 00 FC 32 00 00 00
	0x00000020	1E 00 00 00 14 00 00 00 00 00 00 00
Registers (integer):
	R0=0x00000000	R1=0x00000000	R2=0x00000000	R3=0x00000000
	R4=0x00000000	R5=0x00000000	R6=0x00000000	R7=0x00000000
	R8=0x00000000	R9=0x00000000	R10=0x00000000	R11=0x00000000
	R12=0x00000000	R13=0x00000000	R14=0x00000000	R15=0x00000000
	R16=0x00000000	R17=0x00000000	R18=0x00000000	R19=0x00000000
	R20=0x00000000	R21=0x00000000	R22=0x00000000	R23=0x00000000
	R24=0x00000000	R25=0x00000000	R26=0x00000000	R27=0x00000000
	R28=0x00000000	R29=0x00000000	R30=0x00000000	R31=0x00000000
Registers (floating point):
	F0=0         	F1=0         	F2=0         	F3=0         
	F4=0         	F5=0         	F6=0         	F7=0         
	F8=0         	F9=0         	F10=0         	F11=0         
	F12=0         	F13=0         	F14=0         	F15=0         
	F16=0         	F17=0         	F18=0         	F19=0         
	F20=0         	F21=0         	F22=0         	F23=0         
	F24=0         	F25=0         	F26=0         	F27=0         
	F28=0         	F29=0         	F30=0         	F31=0         
pc:
	pc	0x00000000
ifid:
	instr	NOP
ALU rs:
ADD rs:
MULT rs:
DIV rs:
MEM fu:
reg_map_int:
reg_map_fp:


*** CYCLE 1
Memory
	Address		Data
	0x00000000	1C 00 01 8C 20 00 02 8C 24 00 03 8C 20 20 22 00
	0x00000010	22 28 83 00 28 00 05 AC 00 00 00 FC 32 00 00 00
	0x00000020	1E 00 00 00 14 00 00 00 00 00 00 00
Registers (integer):
	R0=0x00000000	R1=0x00000000	R2=0x00000000	R3=0x00000000
	R4=0x00000000	R5=0x00000000	R6=0x00000000	R7=0x00000000
	R8=0x00000000	R9=0x00000000	R10=0x00000000	R11=0x00000000
	R12=0x00000000	R13=0x00000000	R14=0x00000000	R15=0x00000000
	R16=0x00000000	R17=0x00000000	R18=0x00000000	R19=0x00000000
	R20=0x00000000	R21=0x00000000	R22=0x00000000	R23=0x00000000
	R24=0x00000000	R25=0x00000000	R26=0x00000000	R27=0x00000000
	R28=0x00000000	R29=0x00000000	R30=0x00000000	R31=0x00000000
Registers (floating point):
	F0=0         	F1=0         	F2=0         	F3=0         
	F4=0         	F5=0         	F6=0         	F7=0         
	F8=0         	F9=0         	F10=0         	F11=0         
	F12=0         	F13=0         	F14=0         	F15=0         
	F16=0         	F17=0         	F18=0         	F19=0         
	F20=0         	F21=0         	F22=0         	F23=0         
	F24=0         	F25=0         	F26=0         	F27=0         
	F28=0         	F29=0         	F30=0         	F31=0         
pc:
	pc	0x00000004
ifid:
	instr	LW R1 (28)R0
ALU rs:
ADD rs:
MULT rs:
DIV rs:
MEM fu:
reg_map_int:
reg_map_fp:


*** CYCLE 2
Memory
	Address		Data
	0x00000000	1C 00 01 8C 20 00 02 8C 24 00 03 8C 20 20 22 00
	0x00000010	22 28 83 00 28 00 05 AC 00 00 00 FC 32 00 00 00
	0x00000020	1E 00 00 00 14 00 00 00 00 00 00 00
Registers (integer):
	R0=0x00000000	R1=0x00000000	R2=0x00000000	R3=0x00000000
	R4=0x00000000	R5=0x00000000	R6=0x00000000	R7=0x00000000
	R8=0x00000000	R9=0x00000000	R10=0x00000000	R11=0x00000000
	R12=0x00000000	R13=0x00000000	R14=0x00000000	R15=0x00000000
	R16=0x00000000	R17=0x00000000	R18=0x00000000	R19=0x00000000
	R20=0x00000000	R21=0x00000000	R22=0x00000000	R23=0x00000000
	R24=0x00000000	R25=0x00000000	R26=0x00000000	R27=0x00000000
	R28=0x00000000	R29=0x00000000	R30=0x00000000	R31=0x00000000
Registers (floating point):
	F0=0         	F1=0         	F2=0         	F3=0         
	F4=0         	F5=0         	F6=0         	F7=0         
	F8=0         	F9=0         	F10=0         	F11=0         
	F12=0         	F13=0         	F14=0         	F15=0         
	F16=0         	F17=0         	F18=0         	F19=0         
	F20=0         	F21=0         	F22=0         	F23=0         
	F24=0         	F25=0         	F26=0         	F27=0         
	F28=0         	F29=0         	F30=0         	F31=0         
pc:
	pc	0x00000008
ifid:
	instr	LW R2 (32)R0
ALU rs:
ADD rs:
MULT rs:
DIV rs:
MEM fu:
		fu13, cycles 2 (from end), LW R1 (28)R0
reg_map_int:
		R1 mapped to fu13
reg_map_fp:


*** CYCLE 3
Memory
	Address		Data
	0x00000000	1C 00 01 8C 20 00 02 8C 24 00 03 8C 20 20 22 00
	0x00000010	22 28 83 00 28 00 05 AC 00 00 00 FC 32 00 00 00
	0x00000020	1E 00 00 00 14 00 00 00 00 00 00 00
Registers (integer):
	R0=0x00000000	R1=0x00000000	R2=0x00000000	R3=0x00000000
	R4=0x00000000	R5=0x00000000	R6=0x00000000	R7=0x00000000
	R8=0x00000000	R9=0x00000000	R10=0x00000000	R11=0x00000000
	R12=0x00000000	R13=0x00000000	R14=0x00000000	R15=0x00000000
	R16=0x00000000	R17=0x00000000	R18=0x00000000	R19=0x00000000
	R20=0x00000000	R21=0x00000000	R22=0x00000000	R23=0x00000000
	R24=0x00000000	R25=0x00000000	R26=0x00000000	R27=0x00000000
	R28=0x00000000	R29=0x00000000	R30=0x00000000	R31=0x00000000
Registers (floating point):
	F0=0         	F1=0         	F2=0         	F3=0         
	F4=0         	F5=0         	F6=0         	F7=0         
	F8=0         	F9=0         	F10=0         	F11=0         
	F12=0         	F13=0         	F14=0         	F15=0         
	F16=0         	F17=0         	F18=0         	F19=0         
	F20=0         	F21=0         	F22=0         	F23=0         
	F24=0         	F25=0         	F26=0         	F27=0         
	F28=0         	F29=0         	F30=0         	F31=0         
pc:
	pc	0x0000000C
ifid:
	instr	LW R3 (36)R0
ALU rs:
ADD rs:
MULT rs:
DIV rs:
MEM fu:
		fu13, cycles 1 (from end), LW R1 (28)R0
		fu14, cycles 2 (from end), LW R2 (32)R0
reg_map_int:
		R1 mapped to fu13
		R2 mapped to fu14
reg_map_fp:


*** CYCLE 4
Memory
	Address		Data
	0x00000000	1C 00 01 8C 20 00 02 8C 24 00 03 8C 20 20 22 00
	0x00000010	22 28 83 00 28 00 05 AC 00 00 00 FC 32 00 00 00
	0x00000020	1E 00 00 00 14 00 00 00 00 00 00 00
Registers (integer):
	R0=0x00000000	R1=0x00000000	R2=0x00000000	R3=0x00000000
	R4=0x00000000	R5=0x00000000	R6=0x00000000	R7=0x00000000
	R8=0x00000000	R9=0x00000000	R10=0x00000000	R11=0x00000000
	R12=0x00000000	R13=0x00000000	R14=0x00000000	R15=0x00000000
	R16=0x00000000	R17=0x00000000	R18=0x00000000	R19=0x00000000
	R20=0x00000000	R21=0x00000000	R22=0x00000000	R23=0x00000000
	R24=0x00000000	R25=0x00000000	R26=0x00000000	R27=0x00000000
	R28=0x00000000	R29=0x00000000	R30=0x00000000	R31=0x00000000
Registers (floating point):
	F0=0         	F1=0         	F2=0         	F3=0         
	F4=0         	F5=0         	F6=0         	F7=0         
	F8=0         	F9=0         	F10=0         	F11=0         
	F12=0         	F13=0         	F14=0         	F15=0         
	F16=0         	F17=0         	F18=0         	F19=0         
	F20=0         	F21=0         	F22=0         	F23=0         
	F24=0         	F25=0         	F26=0         	F27=0         
	F28=0         	F29=0         	F30=0         	F31=0         
pc:
	pc	0x00000010
ifid:
	instr	ADD R4 R1 R2
ALU rs:
ADD rs:
MULT rs:
DIV rs:
MEM fu:
		fu13, cycles 0 (from end), LW R1 (28)R0
		fu14, cycles 2 (from end), LW R2 (32)R0
		fu15, cycles 2 (from end), LW R3 (36)R0
reg_map_int:
		R1 mapped to fu13
		R2 mapped to fu14
		R3 mapped to fu15
reg_map_fp:


*** CYCLE 5
Memory
	Address		Data
	0x00000000	1C 00 01 8C 20 00 02 8C 24 00 03 8C 20 20 22 00
	0x00000010	22 28 83 00 28 00 05 AC 00 00 00 FC 32 00 00 00
	0x00000020	1E 00 00 00 14 00 00 00 00 00 00 00
Registers (integer):
	R0=0x00000000	R1=0x00000032	R2=0x00000000	R3=0x00000000
	R4=0x00000000	R5=0x00000000	R6=0x00000000	R7=0x00000000
	R8=0x00000000	R9=0x00000000	R10=0x00000000	R11=0x00000000
	R12=0x00000000	R13=0x00000000	R14=0x00000000	R15=0x00000000
	R16=0x00000000	R17=0x00000000	R18=0x00000000	R19=0x00000000
	R20=0x00000000	R21=0x00000000	R22=0x00000000	R23=0x00000000
	R24=0x00000000	R25=0x00000000	R26=0x00000000	R27=0x00000000
	R28=0x00000000	R29=0x00000000	R30=0x00000000	R31=0x00000000
Registers (floating point):
	F0=0         	F1=0         	F2=0         	F3=0         
	F4=0         	F5=0         	F6=0         	F7=0         
	F8=0         	F9=0         	F10=0         	F11=0         
	F12=0         	F13=0         	F14=0         	F15=0         
	F16=0         	F17=0         	F18=0         	F19=0         
	F20=0         	F21=0         	F22=0         	F23=0         
	F24=0         	F25=0         	F26=0         	F27=0         
	F28=0         	F29=0         	F30=0         	F31=0         
pc:
	pc	0x00000014
ifid:
	instr	SUB R5 R4 R3
ALU rs:
		fu0, cycles 2 (from end), ADD R4 R1 R2, op2 in fu14
ADD rs:
MULT rs:
DIV rs:
MEM fu:
		fu14, cycles 1 (from end), LW R2 (32)R0
		fu15, cycles 2 (from end), LW R3 (36)R0
reg_map_int:
		R2 mapped to fu14
		R3 mapped to fu15
		R4 mapped to fu0
reg_map_fp:


*** CYCLE 6
Memory
	Address		Data
	0x00000000	1C 00 01 8C 20 00 02 8C 24 00 03 8C 20 20 22 00
	0x00000010	22 28 83 00 28 00 05 AC 00 00 00 FC 32 00 00 00
	0x00000020	1E 00 00 00 14 00 00 00 00 00 00 00
Registers (integer):
	R0=0x00000000	R1=0x00000032	R2=0x00000000	R3=0x00000000
	R4=0x00000000	R5=0x00000000	R6=0x00000000	R7=0x00000000
	R8=0x00000000	R9=0x00000000	R10=0x00000000	R11=0x00000000
	R12=0x00000000	R13=0x00000000	R14=0x00000000	R15=0x00000000
	R16=0x00000000	R17=0x00000000	R18=0x00000000	R19=0x00000000
	R20=0x00000000	R21=0x00000000	R22=0x00000000	R23=0x00000000
	R24=0x00000000	R25=0x00000000	R26=0x00000000	R27=0x00000000
	R28=0x00000000	R29=0x00000000	R30=0x00000000	R31=0x00000000
Registers (floating point):
	F0=0         	F1=0         	F2=0         	F3=0         
	F4=0         	F5=0         	F6=0         	F7=0         
	F8=0         	F9=0         	F10=0         	F11=0         
	F12=0         	F13=0         	F14=0         	F15=0         
	F16=0         	F17=0         	F18=0         	F19=0         
	F20=0         	F21=0         	F22=0         	F23=0         
	F24=0         	F25=0         	F26=0         	F27=0         
	F28=0         	F29=0         	F30=0         	F31=0         
pc:
	pc	0x00000018
ifid:
	instr	SW R5 (40)R0
ALU rs:
		fu0, cycles 2 (from end), ADD R4 R1 R2, op2 in fu14
		fu1, cycles 2 (from end), SUB R5 R4 R3, op1 in fu0, op2 in fu15
ADD rs:
MULT rs:
DIV rs:
MEM fu:
		fu14, cycles 0 (from end), LW R2 (32)R0
		fu15, cycles 2 (from end), LW R3 (36)R0
reg_map_int:
		R2 mapped to fu14
		R3 mapped to fu15
		R4 mapped to fu0
		R5 mapped to fu1
reg_map_fp:


*** CYCLE 7
Memory
	Address		Data
	0x00000000	1C 00 01 8C 20 00 02 8C 24 00 03 8C 20 20 22 00
	0x00000010	22 28 83 00 28 00 05 AC 00 00 00 FC 32 00 00 00
	0x00000020	1E 00 00 00 14 00 00 00 00 00 00 00
Registers (integer):
	R0=0x00000000	R1=0x00000032	R2=0x0000001E	R3=0x00000000
	R4=0x00000000	R5=0x00000000	R6=0x00000000	R7=0x00000000
	R8=0x00000000	R9=0x00000000	R10=0x00000000	R11=0x00000000
	R12=0x00000000	R13=0x00000000	R14=0x00000000	R15=0x00000000
	R16=0x00000000	R17=0x00000000	R18=0x00000000	R19=0x00000000
	R20=0x00000000	R21=0x00000000	R22=0x00000000	R23=0x00000000
	R24=0x00000000	R25=0x00000000	R26=0x00000000	R27=0x00000000
	R28=0x00000000	R29=0x00000000	R30=0x00000000	R31=0x00000000
Registers (floating point):
	F0=0         	F1=0         	F2=0         	F3=0         
	F4=0         	F5=0         	F6=0         	F7=0         
	F8=0         	F9=0         	F10=0         	F11=0         
	F12=0         	F13=0         	F14=0         	F15=0         
	F16=0         	F17=0         	F18=0         	F19=0         
	F20=0         	F21=0         	F22=0         	F23=0         
	F24=0         	F25=0         	F26=0         	F27=0         
	F28=0         	F29=0         	F30=0         	F31=0         
pc:
	pc	0x0000001C
ifid:
	instr	HALT
ALU rs:
		fu0, cycles 1 (from end), ADD R4 R1 R2
		fu1, cycles 2 (from end), SUB R5 R4 R3, op1 in fu0, op2 in fu15
ADD rs:
MULT rs:
DIV rs:
MEM fu:
		fu13, cycles 2 (from end), SW R5 (40)R0, op2 in fu1
		fu15, cycles 1 (from end), LW R3 (36)R0
reg_map_int:
		R3 mapped to fu15
		R4 mapped to fu0
		R5 mapped to fu1
reg_map_fp:


*** CYCLE 8
Memory
	Address		Data
	0x00000000	1C 00 01 8C 20 00 02 8C 24 00 03 8C 20 20 22 00
	0x00000010	22 28 83 00 28 00 05 AC 00 00 00 FC 32 00 00 00
	0x00000020	1E 00 00 00 14 00 00 00 00 00 00 00
Registers (integer):
	R0=0x00000000	R1=0x00000032	R2=0x0000001E	R3=0x00000000
	R4=0x00000000	R5=0x00000000	R6=0x00000000	R7=0x00000000
	R8=0x00000000	R9=0x00000000	R10=0x00000000	R11=0x00000000
	R12=0x00000000	R13=0x00000000	R14=0x00000000	R15=0x00000000
	R16=0x00000000	R17=0x00000000	R18=0x00000000	R19=0x00000000
	R20=0x00000000	R21=0x00000000	R22=0x00000000	R23=0x00000000
	R24=0x00000000	R25=0x00000000	R26=0x00000000	R27=0x00000000
	R28=0x00000000	R29=0x00000000	R30=0x00000000	R31=0x00000000
Registers (floating point):
	F0=0         	F1=0         	F2=0         	F3=0         
	F4=0         	F5=0         	F6=0         	F7=0         
	F8=0         	F9=0         	F10=0         	F11=0         
	F12=0         	F13=0         	F14=0         	F15=0         
	F16=0         	F17=0         	F18=0         	F19=0         
	F20=0         	F21=0         	F22=0         	F23=0         
	F24=0         	F25=0         	F26=0         	F27=0         
	F28=0         	F29=0         	F30=0         	F31=0         
pc:
	pc	0x00000020
ifid:
	instr	0x00000032
ALU rs:
		fu0, cycles 0 (from end), ADD R4 R1 R2
		fu1, cycles 2 (from end), SUB R5 R4 R3, op1 in fu0, op2 in fu15
ADD rs:
MULT rs:
DIV rs:
MEM fu:
		fu13, cycles 2 (from end), SW R5 (40)R0, op2 in fu1
		fu15, cycles 0 (from end), LW R3 (36)R0
reg_map_int:
		R3 mapped to fu15
		R4 mapped to fu0
		R5 mapped to fu1
reg_map_fp:


*** CYCLE 9
Memory
	Address		Data
	0x00000000	1C 00 01 8C 20 00 02 8C 24 00 03 8C 20 20 22 00
	0x00000010	22 28 83 00 28 00 05 AC 00 00 00 FC 32 00 00 00
	0x00000020	1E 00 00 00 14 00 00 00 00 00 00 00
Registers (integer):
	R0=0x00000000	R1=0x00000032	R2=0x0000001E	R3=0x00000014
	R4=0x00000000	R5=0x00000000	R6=0x00000000	R7=0x00000000
	R8=0x00000000	R9=0x00000000	R10=0x00000000	R11=0x00000000
	R12=0x00000000	R13=0x00000000	R14=0x00000000	R15=0x00000000
	R16=0x00000000	R17=0x00000000	R18=0x00000000	R19=0x00000000
	R20=0x00000000	R21=0x00000000	R22=0x00000000	R23=0x00000000
	R24=0x00000000	R25=0x00000000	R26=0x00000000	R27=0x00000000
	R28=0x00000000	R29=0x00000000	R30=0x00000000	R31=0x00000000
Registers (floating point):
	F0=0         	F1=0         	F2=0         	F3=0         
	F4=0         	F5=0         	F6=0         	F7=0         
	F8=0         	F9=0         	F10=0         	F11=0         
	F12=0         	F13=0         	F14=0         	F15=0         
	F16=0         	F17=0         	F18=0         	F19=0         
	F20=0         	F21=0         	F22=0         	F23=0         
	F24=0         	F25=0         	F26=0         	F27=0         
	F28=0         	F29=0         	F30=0         	F31=0         
pc:
	pc	0x00000020
ifid:
	instr	0x00000032
ALU rs:
		fu0, cycles 0 (from end), ADD R4 R1 R2
		fu1, cycles 2 (from end), SUB R5 R4 R3, op1 in fu0
ADD rs:
MULT rs:
DIV rs:
MEM fu:
		fu13, cycles 2 (from end), SW R5 (40)R0, op2 in fu1
reg_map_int:
		R4 mapped to fu0
		R5 mapped to fu1
reg_map_fp:


*** CYCLE 10
Memory
	Address		Data
	0x00000000	1C 00 01 8C 20 00 02 8C 24 00 03 8C 20 20 22 00
	0x00000010	22 28 83 00 28 00 05 AC 00 00 00 FC 32 00 00 00
	0x00000020	1E 00 00 00 14 00 00 00 00 00 00 00
Registers (integer):
	R0=0x00000000	R1=0x00000032	R2=0x0000001E	R3=0x00000014
	R4=0x00000050	R5=0x00000000	R6=0x00000000	R7=0x00000000
	R8=0x00000000	R9=0x00000000	R10=0x00000000	R11=0x00000000
	R12=0x00000000	R13=0x00000000	R14=0x00000000	R15=0x00000000
	R16=0x00000000	R17=0x00000000	R18=0x00000000	R19=0x00000000
	R20=0x00000000	R21=0x00000000	R22=0x00000000	R23=0x00000000
	R24=0x00000000	R25=0x00000000	R26=0x00000000	R27=0x00000000
	R28=0x00000000	R29=0x00000000	R30=0x00000000	R31=0x00000000
Registers (floating point):
	F0=0         	F1=0         	F2=0         	F3=0         
	F4=0         	F5=0         	F6=0         	F7=0         
	F8=0         	F9=0         	F10=0         	F11=0         
	F12=0         	F13=0         	F14=0         	F15=0         
	F16=0         	F17=0         	F18=0         	F19=0         
	F20=0         	F21=0         	F22=0         	F23=0         
	F24=0         	F25=0         	F26=0         	F27=0         
	F28=0         	F29=0         	F30=0         	F31=0         
pc:
	pc	0x00000020
ifid:
	instr	0x00000032
ALU rs:
		fu1, cycles 1 (from end), SUB R5 R4 R3
ADD rs:
MULT rs:
DIV rs:
MEM fu:
		fu13, cycles 2 (from end), SW R5 (40)R0, op2 in fu1
reg_map_int:
		R5 mapped to fu1
reg_map_fp:


*** CYCLE 11
Memory
	Address		Data
	0x00000000	1C 00 01 8C 20 00 02 8C 24 00 03 8C 20 20 22 00
	0x00000010	22 28 83 00 28 00 05 AC 00 00 00 FC 32 00 00 00
	0x00000020	1E 00 00 00 14 00 00 00 00 00 00 00
Registers (integer):
	R0=0x00000000	R1=0x00000032	R2=0x0000001E	R3=0x00000014
	R4=0x00000050	R5=0x00000000	R6=0x00000000	R7=0x00000000
	R8=0x00000000	R9=0x00000000	R10=0x00000000	R11=0x00000000
	R12=0x00000000	R13=0x00000000	R14=0x00000000	R15=0x00000000
	R16=0x00000000	R17=0x00000000	R18=0x00000000	R19=0x00000000
	R20=0x00000000	R21=0x00000000	R22=0x00000000	R23=0x00000000
	R24=0x00000000	R25=0x00000000	R26=0x00000000	R27=0x00000000
	R28=0x00000000	R29=0x00000000	R30=0x00000000	R31=0x00000000
Registers (floating point):
	F0=0         	F1=0         	F2=0         	F3=0         
	F4=0         	F5=0         	F6=0         	F7=0         
	F8=0         	F9=0         	F10=0         	F11=0         
	F12=0         	F13=0         	F14=0         	F15=0         
	F16=0         	F17=0         	F18=0         	F19=0         
	F20=0         	F21=0         	F22=0         	F23=0         
	F24=0         	F25=0         	F26=0         	F27=0         
	F28=0         	F29=0         	F30=0         	F31=0         
pc:
	pc	0x00000020
ifid:
	instr	0x00000032
ALU rs:
		fu1, cycles 0 (from end), SUB R5 R4 R3
ADD rs:
MULT rs:
DIV rs:
MEM fu:
		fu13, cycles 2 (from end), SW R5 (40)R0, op2 in fu1
reg_map_int:
		R5 mapped to fu1
reg_map_fp:


*** CYCLE 12
Memory
	Address		Data
	0x00000000	1C 00 01 8C 20 00 02 8C 24 00 03 8C 20 20 22 00
	0x00000010	22 28 83 00 28 00 05 AC 00 00 00 FC 32 00 00 00
	0x00000020	1E 00 00 00 14 00 00 00 00 00 00 00
Registers (integer):
	R0=0x00000000	R1=0x00000032	R2=0x0000001E	R3=0x00000014
	R4=0x00000050	R5=0x0000003C	R6=0x00000000	R7=0x00000000
	R8=0x00000000	R9=0x00000000	R10=0x00000000	R11=0x00000000
	R12=0x00000000	R13=0x00000000	R14=0x00000000	R15=0x00000000
	R16=0x00000000	R17=0x00000000	R18=0x00000000	R19=0x00000000
	R20=0x00000000	R21=0x00000000	R22=0x00000000	R23=0x00000000
	R24=0x00000000	R25=0x00000000	R26=0x00000000	R27=0x00000000
	R28=0x00000000	R29=0x00000000	R30=0x00000000	R31=0x00000000
Registers (floating point):
	F0=0         	F1=0         	F2=0         	F3=0         
	F4=0         	F5=0         	F6=0         	F7=0         
	F8=0         	F9=0         	F10=0         	F11=0         
	F12=0         	F13=0         	F14=0         	F15=0         
	F16=0         	F17=0         	F18=0         	F19=0         
	F20=0         	F21=0         	F22=0         	F23=0         
	F24=0         	F25=0         	F26=0         	F27=0         
	F28=0         	F29=0         	F30=0         	F31=0         
pc:
	pc	0x00000020
ifid:
	instr	0x00000032
ALU rs:
ADD rs:
MULT rs:
DIV rs:
MEM fu:
		fu13, cycles 1 (from end), SW R5 (40)R0
reg_map_int:
reg_map_fp:


*** CYCLE 13
Memory
	Address		Data
	0x00000000	1C 00 01 8C 20 00 02 8C 24 00 03 8C 20 20 22 00
	0x00000010	22 28 83 00 28 00 05 AC 00 00 00 FC 32 00 00 00
	0x00000020	1E 00 00 00 14 00 00 00 00 00 00 00
Registers (integer):
	R0=0x00000000	R1=0x00000032	R2=0x0000001E	R3=0x00000014
	R4=0x00000050	R5=0x0000003C	R6=0x00000000	R7=0x00000000
	R8=0x00000000	R9=0x00000000	R10=0x00000000	R11=0x00000000
	R12=0x00000000	R13=0x00000000	R14=0x00000000	R15=0x00000000
	R16=0x00000000	R17=0x00000000	R18=0x00000000	R19=0x00000000
	R20=0x00000000	R21=0x00000000	R22=0x00000000	R23=0x00000000
	R24=0x00000000	R25=0x00000000	R26=0x00000000	R27=0x00000000
	R28=0x00000000	R29=0x00000000	R30=0x00000000	R31=0x00000000
Registers (floating point):
	F0=0         	F1=0         	F2=0         	F3=0         
	F4=0         	F5=0         	F6=0         	F7=0         
	F8=0         	F9=0         	F10=0         	F11=0         
	F12=0         	F13=0         	F14=0         	F15=0         
	F16=0         	F17=0         	F18=0         	F19=0         
	F20=0         	F21=0         	F22=0         	F23=0         
	F24=0         	F25=0         	F26=0         	F27=0         
	F28=0         	F29=0         	F30=0         	F31=0         
pc:
	pc	0x00000020
ifid:
	instr	0x00000032
ALU rs:
ADD rs:
MULT rs:
DIV rs:
MEM fu:
		fu13, cycles 0 (from end), SW R5 (40)R0
reg_map_int:
reg_map_fp:


*** FINAL MACHINE STATE
Memory
	Address		Data
	0x00000000	1C 00 01 8C 20 00 02 8C 24 00 03 8C 20 20 22 00
	0x00000010	22 28 83 00 28 00 05 AC 00 00 00 FC 32 00 00 00
	0x00000020	1E 00 00 00 14 00 00 00 3C 00 00 00
Registers (integer):
	R0=0x00000000	R1=0x00000032	R2=0x0000001E	R3=0x00000014
	R4=0x00000050	R5=0x0000003C	R6=0x00000000	R7=0x00000000
	R8=0x00000000	R9=0x00000000	R10=0x00000000	R11=0x00000000
	R12=0x00000000	R13=0x00000000	R14=0x00000000	R15=0x00000000
	R16=0x00000000	R17=0x00000000	R18=0x00000000	R19=0x00000000
	R20=0x00000000	R21=0x00000000	R22=0x00000000	R23=0x00000000
	R24=0x00000000	R25=0x00000000	R26=0x00000000	R27=0x00000000
	R28=0x00000000	R29=0x00000000	R30=0x00000000	R31=0x00000000
Registers (floating point):
	F0=0         	F1=0         	F2=0         	F3=0         
	F4=0         	F5=0         	F6=0         	F7=0         
	F8=0         	F9=0         	F10=0         	F11=0         
	F12=0         	F13=0         	F14=0         	F15=0         
	F16=0         	F17=0         	F18=0         	F19=0         
	F20=0         	F21=0         	F22=0         	F23=0         
	F24=0         	F25=0         	F26=0         	F27=0         
	F28=0         	F29=0         	F30=0         	F31=0         
pc:
	pc	0x00000020
ifid:
	instr	0x00000032
ALU rs:
ADD rs:
MULT rs:
DIV rs:
MEM fu:
reg_map_int:
reg_map_fp:


SIMULATION COMPLETE!
EXECUTED 7 INSTRUCTIONS IN 14 CYCLES
CPI:  2.00
